<?xml version="1.0" encoding="UTF-8"?>
<testsuite name="my_caesar_bot.AppTest" tests="1" skipped="0" failures="0" errors="0" timestamp="2022-02-26T08:39:53" hostname="liuruishandeMBP" time="0.015">
  <properties/>
  <testcase name="appHasAGreeting()" classname="my_caesar_bot.AppTest" time="0.015"/>
  <system-out><![CDATA[]]></system-out>
  <system-err><![CDATA[]]></system-err>
</testsuite>
